2025-03-26 03:36:42,645 - model_training_alexnet - INFO - Initializing alexnet training on cuda:0
2025-03-26 03:36:43,346 - model_training_alexnet - INFO - Model architecture:
AlexNet(
  (features): Sequential(
    (0): Conv2d(3, 64, kernel_size=(11, 11), stride=(4, 4), padding=(2, 2))
    (1): ReLU(inplace=True)
    (2): MaxPool2d(kernel_size=3, stride=2, padding=0, dilation=1, ceil_mode=False)
    (3): Conv2d(64, 192, kernel_size=(5, 5), stride=(1, 1), padding=(2, 2))
    (4): ReLU(inplace=True)
    (5): MaxPool2d(kernel_size=3, stride=2, padding=0, dilation=1, ceil_mode=False)
    (6): Conv2d(192, 384, kernel_size=(3, 3), stride=(1, 1), padding=(1, 1))
    (7): ReLU(inplace=True)
    (8): Conv2d(384, 256, kernel_size=(3, 3), stride=(1, 1), padding=(1, 1))
    (9): ReLU(inplace=True)
    (10): Conv2d(256, 256, kernel_size=(3, 3), stride=(1, 1), padding=(1, 1))
    (11): ReLU(inplace=True)
    (12): MaxPool2d(kernel_size=3, stride=2, padding=0, dilation=1, ceil_mode=False)
  )
  (avgpool): AdaptiveAvgPool2d(output_size=(6, 6))
  (classifier): Sequential(
    (0): Dropout(p=0.5, inplace=False)
    (1): Linear(in_features=9216, out_features=4096, bias=True)
    (2): ReLU(inplace=True)
    (3): Dropout(p=0.5, inplace=False)
    (4): Linear(in_features=4096, out_features=4096, bias=True)
    (5): ReLU(inplace=True)
    (6): Linear(in_features=4096, out_features=10, bias=True)
  )
)
2025-03-26 03:36:43,346 - model_training_alexnet - INFO - Data loaders created with batch size 128
2025-03-26 03:36:43,346 - model_training_alexnet - INFO - Optimizer configured with lr=0.001, momentum=0.9, weight_decay=0.0005
2025-03-26 03:36:43,346 - model_training_alexnet - INFO - Starting epoch 1/50
2025-03-26 03:39:21,111 - model_training_alexnet - INFO - Epoch 1/50 completed - Average Loss: 0.1681
2025-03-26 03:39:21,111 - model_training_alexnet - INFO - Starting evaluation phase
2025-03-26 03:39:43,237 - model_training_alexnet - INFO - Evaluation completed - Test Accuracy: 98.76%
2025-03-26 03:39:43,237 - model_training_alexnet - INFO - Starting epoch 2/50
2025-03-26 03:42:16,253 - model_training_alexnet - INFO - Epoch 2/50 completed - Average Loss: 0.0468
2025-03-26 03:42:16,254 - model_training_alexnet - INFO - Starting evaluation phase
2025-03-26 03:42:40,111 - model_training_alexnet - INFO - Evaluation completed - Test Accuracy: 98.97%
2025-03-26 03:42:40,111 - model_training_alexnet - INFO - Starting epoch 3/50
2025-03-26 03:45:23,342 - model_training_alexnet - INFO - Epoch 3/50 completed - Average Loss: 0.0328
2025-03-26 03:45:23,342 - model_training_alexnet - INFO - Starting evaluation phase
2025-03-26 03:45:52,875 - model_training_alexnet - INFO - Evaluation completed - Test Accuracy: 99.21%
2025-03-26 03:45:52,875 - model_training_alexnet - INFO - Starting epoch 4/50
2025-03-26 03:48:21,917 - model_training_alexnet - INFO - Epoch 4/50 completed - Average Loss: 0.0266
2025-03-26 03:48:21,917 - model_training_alexnet - INFO - Starting evaluation phase
2025-03-26 03:48:44,795 - model_training_alexnet - INFO - Evaluation completed - Test Accuracy: 99.27%
2025-03-26 03:48:44,796 - model_training_alexnet - INFO - Starting epoch 5/50
2025-03-26 03:51:17,384 - model_training_alexnet - INFO - Epoch 5/50 completed - Average Loss: 0.0248
2025-03-26 03:51:17,385 - model_training_alexnet - INFO - Starting evaluation phase
2025-03-26 03:51:41,509 - model_training_alexnet - INFO - Evaluation completed - Test Accuracy: 99.38%
2025-03-26 03:51:41,509 - model_training_alexnet - INFO - Starting epoch 6/50
2025-03-26 03:54:14,775 - model_training_alexnet - INFO - Epoch 6/50 completed - Average Loss: 0.0211
2025-03-26 03:54:14,775 - model_training_alexnet - INFO - Starting evaluation phase
2025-03-26 03:54:47,563 - model_training_alexnet - INFO - Evaluation completed - Test Accuracy: 99.39%
2025-03-26 03:54:47,563 - model_training_alexnet - INFO - Starting epoch 7/50
2025-03-26 03:57:12,343 - model_training_alexnet - INFO - Epoch 7/50 completed - Average Loss: 0.0182
2025-03-26 03:57:12,343 - model_training_alexnet - INFO - Starting evaluation phase
2025-03-26 03:57:41,591 - model_training_alexnet - INFO - Evaluation completed - Test Accuracy: 99.47%
2025-03-26 03:57:41,591 - model_training_alexnet - INFO - Starting epoch 8/50
2025-03-26 04:00:13,567 - model_training_alexnet - INFO - Epoch 8/50 completed - Average Loss: 0.0166
2025-03-26 04:00:13,567 - model_training_alexnet - INFO - Starting evaluation phase
2025-03-26 04:00:36,809 - model_training_alexnet - INFO - Evaluation completed - Test Accuracy: 99.44%
2025-03-26 04:00:36,809 - model_training_alexnet - INFO - Starting epoch 9/50
2025-03-26 04:03:16,212 - model_training_alexnet - INFO - Epoch 9/50 completed - Average Loss: 0.0147
2025-03-26 04:03:16,212 - model_training_alexnet - INFO - Starting evaluation phase
2025-03-26 04:03:47,073 - model_training_alexnet - INFO - Evaluation completed - Test Accuracy: 99.47%
2025-03-26 04:03:47,073 - model_training_alexnet - INFO - Starting epoch 10/50
2025-03-26 04:06:23,133 - model_training_alexnet - INFO - Epoch 10/50 completed - Average Loss: 0.0149
2025-03-26 04:06:23,133 - model_training_alexnet - INFO - Starting evaluation phase
2025-03-26 04:06:44,866 - model_training_alexnet - INFO - Evaluation completed - Test Accuracy: 99.38%
2025-03-26 04:06:44,866 - model_training_alexnet - INFO - Starting epoch 11/50
2025-03-26 04:09:07,877 - model_training_alexnet - INFO - Epoch 11/50 completed - Average Loss: 0.0126
2025-03-26 04:09:07,877 - model_training_alexnet - INFO - Starting evaluation phase
2025-03-26 04:09:32,466 - model_training_alexnet - INFO - Evaluation completed - Test Accuracy: 99.41%
2025-03-26 04:09:32,466 - model_training_alexnet - INFO - Starting epoch 12/50
2025-03-26 04:12:14,805 - model_training_alexnet - INFO - Epoch 12/50 completed - Average Loss: 0.0114
2025-03-26 04:12:14,805 - model_training_alexnet - INFO - Starting evaluation phase
2025-03-26 04:12:41,894 - model_training_alexnet - INFO - Evaluation completed - Test Accuracy: 99.42%
2025-03-26 04:12:41,894 - model_training_alexnet - INFO - Starting epoch 13/50
2025-03-26 04:15:12,272 - model_training_alexnet - INFO - Epoch 13/50 completed - Average Loss: 0.0106
2025-03-26 04:15:12,272 - model_training_alexnet - INFO - Starting evaluation phase
2025-03-26 04:15:35,644 - model_training_alexnet - INFO - Evaluation completed - Test Accuracy: 99.51%
2025-03-26 04:15:35,644 - model_training_alexnet - INFO - Starting epoch 14/50
2025-03-26 04:17:57,325 - model_training_alexnet - INFO - Epoch 14/50 completed - Average Loss: 0.0102
2025-03-26 04:17:57,325 - model_training_alexnet - INFO - Starting evaluation phase
2025-03-26 04:18:21,512 - model_training_alexnet - INFO - Evaluation completed - Test Accuracy: 99.47%
2025-03-26 04:18:21,512 - model_training_alexnet - INFO - Starting epoch 15/50
2025-03-26 04:21:08,076 - model_training_alexnet - INFO - Epoch 15/50 completed - Average Loss: 0.0094
2025-03-26 04:21:08,076 - model_training_alexnet - INFO - Starting evaluation phase
2025-03-26 04:21:31,030 - model_training_alexnet - INFO - Evaluation completed - Test Accuracy: 99.49%
2025-03-26 04:21:31,030 - model_training_alexnet - INFO - Starting epoch 16/50
2025-03-26 04:24:02,498 - model_training_alexnet - INFO - Epoch 16/50 completed - Average Loss: 0.0093
2025-03-26 04:24:02,498 - model_training_alexnet - INFO - Starting evaluation phase
2025-03-26 04:24:23,746 - model_training_alexnet - INFO - Evaluation completed - Test Accuracy: 99.49%
2025-03-26 04:24:23,746 - model_training_alexnet - INFO - Starting epoch 17/50
2025-03-26 04:26:47,515 - model_training_alexnet - INFO - Epoch 17/50 completed - Average Loss: 0.0081
2025-03-26 04:26:47,516 - model_training_alexnet - INFO - Starting evaluation phase
2025-03-26 04:27:16,031 - model_training_alexnet - INFO - Evaluation completed - Test Accuracy: 99.47%
2025-03-26 04:27:16,031 - model_training_alexnet - INFO - Starting epoch 18/50
2025-03-26 04:29:51,605 - model_training_alexnet - INFO - Epoch 18/50 completed - Average Loss: 0.0079
2025-03-26 04:29:51,606 - model_training_alexnet - INFO - Starting evaluation phase
2025-03-26 04:30:12,620 - model_training_alexnet - INFO - Evaluation completed - Test Accuracy: 99.58%
2025-03-26 04:30:12,620 - model_training_alexnet - INFO - Starting epoch 19/50
2025-03-26 04:32:47,060 - model_training_alexnet - INFO - Epoch 19/50 completed - Average Loss: 0.0071
2025-03-26 04:32:47,060 - model_training_alexnet - INFO - Starting evaluation phase
2025-03-26 04:33:07,697 - model_training_alexnet - INFO - Evaluation completed - Test Accuracy: 99.48%
2025-03-26 04:33:07,697 - model_training_alexnet - INFO - Starting epoch 20/50
2025-03-26 04:35:30,824 - model_training_alexnet - INFO - Epoch 20/50 completed - Average Loss: 0.0067
2025-03-26 04:35:30,824 - model_training_alexnet - INFO - Starting evaluation phase
2025-03-26 04:35:58,862 - model_training_alexnet - INFO - Evaluation completed - Test Accuracy: 99.52%
2025-03-26 04:35:58,862 - model_training_alexnet - INFO - Starting epoch 21/50
2025-03-26 04:38:42,899 - model_training_alexnet - INFO - Epoch 21/50 completed - Average Loss: 0.0058
2025-03-26 04:38:42,899 - model_training_alexnet - INFO - Starting evaluation phase
2025-03-26 04:39:08,044 - model_training_alexnet - INFO - Evaluation completed - Test Accuracy: 99.50%
2025-03-26 04:39:08,045 - model_training_alexnet - INFO - Starting epoch 22/50
2025-03-26 04:41:39,858 - model_training_alexnet - INFO - Epoch 22/50 completed - Average Loss: 0.0066
2025-03-26 04:41:39,858 - model_training_alexnet - INFO - Starting evaluation phase
2025-03-26 04:42:02,232 - model_training_alexnet - INFO - Evaluation completed - Test Accuracy: 99.50%
2025-03-26 04:42:02,232 - model_training_alexnet - INFO - Starting epoch 23/50
2025-03-26 04:44:32,192 - model_training_alexnet - INFO - Epoch 23/50 completed - Average Loss: 0.0059
2025-03-26 04:44:32,192 - model_training_alexnet - INFO - Starting evaluation phase
2025-03-26 04:44:52,396 - model_training_alexnet - INFO - Evaluation completed - Test Accuracy: 99.58%
2025-03-26 04:44:52,396 - model_training_alexnet - INFO - Starting epoch 24/50
2025-03-26 04:47:45,586 - model_training_alexnet - INFO - Epoch 24/50 completed - Average Loss: 0.0049
2025-03-26 04:47:45,586 - model_training_alexnet - INFO - Starting evaluation phase
2025-03-26 04:48:10,119 - model_training_alexnet - INFO - Evaluation completed - Test Accuracy: 99.52%
2025-03-26 04:48:10,119 - model_training_alexnet - INFO - Starting epoch 25/50
2025-03-26 04:50:47,940 - model_training_alexnet - INFO - Epoch 25/50 completed - Average Loss: 0.0052
2025-03-26 04:50:47,941 - model_training_alexnet - INFO - Starting evaluation phase
2025-03-26 04:51:09,849 - model_training_alexnet - INFO - Evaluation completed - Test Accuracy: 99.45%
2025-03-26 04:51:09,849 - model_training_alexnet - INFO - Starting epoch 26/50
2025-03-26 04:53:44,658 - model_training_alexnet - INFO - Epoch 26/50 completed - Average Loss: 0.0056
2025-03-26 04:53:44,659 - model_training_alexnet - INFO - Starting evaluation phase
2025-03-26 04:54:08,604 - model_training_alexnet - INFO - Evaluation completed - Test Accuracy: 99.54%
2025-03-26 04:54:08,604 - model_training_alexnet - INFO - Starting epoch 27/50
2025-03-26 04:56:56,232 - model_training_alexnet - INFO - Epoch 27/50 completed - Average Loss: 0.0042
2025-03-26 04:56:56,232 - model_training_alexnet - INFO - Starting evaluation phase
2025-03-26 04:57:24,452 - model_training_alexnet - INFO - Evaluation completed - Test Accuracy: 99.52%
2025-03-26 04:57:24,452 - model_training_alexnet - INFO - Starting epoch 28/50
2025-03-26 04:59:51,730 - model_training_alexnet - INFO - Epoch 28/50 completed - Average Loss: 0.0047
2025-03-26 04:59:51,730 - model_training_alexnet - INFO - Starting evaluation phase
2025-03-26 05:00:15,006 - model_training_alexnet - INFO - Evaluation completed - Test Accuracy: 99.57%
2025-03-26 05:00:15,006 - model_training_alexnet - INFO - Starting epoch 29/50
2025-03-26 05:02:49,415 - model_training_alexnet - INFO - Epoch 29/50 completed - Average Loss: 0.0046
2025-03-26 05:02:49,415 - model_training_alexnet - INFO - Starting evaluation phase
2025-03-26 05:03:12,238 - model_training_alexnet - INFO - Evaluation completed - Test Accuracy: 99.55%
2025-03-26 05:03:12,238 - model_training_alexnet - INFO - Starting epoch 30/50
2025-03-26 05:05:53,733 - model_training_alexnet - INFO - Epoch 30/50 completed - Average Loss: 0.0038
2025-03-26 05:05:53,733 - model_training_alexnet - INFO - Starting evaluation phase
2025-03-26 05:06:17,119 - model_training_alexnet - INFO - Evaluation completed - Test Accuracy: 99.57%
2025-03-26 05:06:17,119 - model_training_alexnet - INFO - Starting epoch 31/50
2025-03-26 05:08:45,695 - model_training_alexnet - INFO - Epoch 31/50 completed - Average Loss: 0.0042
2025-03-26 05:08:45,695 - model_training_alexnet - INFO - Starting evaluation phase
2025-03-26 05:09:09,629 - model_training_alexnet - INFO - Evaluation completed - Test Accuracy: 99.58%
2025-03-26 05:09:09,629 - model_training_alexnet - INFO - Starting epoch 32/50
2025-03-26 05:11:44,888 - model_training_alexnet - INFO - Epoch 32/50 completed - Average Loss: 0.0043
2025-03-26 05:11:44,888 - model_training_alexnet - INFO - Starting evaluation phase
2025-03-26 05:12:07,259 - model_training_alexnet - INFO - Evaluation completed - Test Accuracy: 99.52%
2025-03-26 05:12:07,259 - model_training_alexnet - INFO - Starting epoch 33/50
2025-03-26 05:14:54,942 - model_training_alexnet - INFO - Epoch 33/50 completed - Average Loss: 0.0035
2025-03-26 05:14:54,942 - model_training_alexnet - INFO - Starting evaluation phase
2025-03-26 05:15:19,228 - model_training_alexnet - INFO - Evaluation completed - Test Accuracy: 99.60%
2025-03-26 05:15:19,228 - model_training_alexnet - INFO - Starting epoch 34/50
2025-03-26 05:17:44,119 - model_training_alexnet - INFO - Epoch 34/50 completed - Average Loss: 0.0040
2025-03-26 05:17:44,119 - model_training_alexnet - INFO - Starting evaluation phase
2025-03-26 05:18:09,193 - model_training_alexnet - INFO - Evaluation completed - Test Accuracy: 99.59%
2025-03-26 05:18:09,193 - model_training_alexnet - INFO - Starting epoch 35/50
2025-03-26 05:20:38,722 - model_training_alexnet - INFO - Epoch 35/50 completed - Average Loss: 0.0033
2025-03-26 05:20:38,722 - model_training_alexnet - INFO - Starting evaluation phase
2025-03-26 05:21:03,562 - model_training_alexnet - INFO - Evaluation completed - Test Accuracy: 99.56%
2025-03-26 05:21:03,562 - model_training_alexnet - INFO - Starting epoch 36/50
2025-03-26 05:23:58,675 - model_training_alexnet - INFO - Epoch 36/50 completed - Average Loss: 0.0035
2025-03-26 05:23:58,675 - model_training_alexnet - INFO - Starting evaluation phase
2025-03-26 05:24:23,042 - model_training_alexnet - INFO - Evaluation completed - Test Accuracy: 99.47%
2025-03-26 05:24:23,042 - model_training_alexnet - INFO - Starting epoch 37/50
2025-03-26 05:26:48,905 - model_training_alexnet - INFO - Epoch 37/50 completed - Average Loss: 0.0034
2025-03-26 05:26:48,905 - model_training_alexnet - INFO - Starting evaluation phase
2025-03-26 05:27:14,104 - model_training_alexnet - INFO - Evaluation completed - Test Accuracy: 99.47%
2025-03-26 05:27:14,104 - model_training_alexnet - INFO - Starting epoch 38/50
2025-03-26 05:29:43,861 - model_training_alexnet - INFO - Epoch 38/50 completed - Average Loss: 0.0037
2025-03-26 05:29:43,861 - model_training_alexnet - INFO - Starting evaluation phase
2025-03-26 05:30:05,702 - model_training_alexnet - INFO - Evaluation completed - Test Accuracy: 99.56%
2025-03-26 05:30:05,702 - model_training_alexnet - INFO - Starting epoch 39/50
2025-03-26 05:32:55,478 - model_training_alexnet - INFO - Epoch 39/50 completed - Average Loss: 0.0026
2025-03-26 05:32:55,478 - model_training_alexnet - INFO - Starting evaluation phase
2025-03-26 05:33:18,940 - model_training_alexnet - INFO - Evaluation completed - Test Accuracy: 99.57%
2025-03-26 05:33:18,940 - model_training_alexnet - INFO - Starting epoch 40/50
2025-03-26 05:35:51,064 - model_training_alexnet - INFO - Epoch 40/50 completed - Average Loss: 0.0028
2025-03-26 05:35:51,064 - model_training_alexnet - INFO - Starting evaluation phase
2025-03-26 05:36:12,438 - model_training_alexnet - INFO - Evaluation completed - Test Accuracy: 99.57%
2025-03-26 05:36:12,438 - model_training_alexnet - INFO - Starting epoch 41/50
2025-03-26 05:38:36,583 - model_training_alexnet - INFO - Epoch 41/50 completed - Average Loss: 0.0029
2025-03-26 05:38:36,583 - model_training_alexnet - INFO - Starting evaluation phase
2025-03-26 05:39:03,189 - model_training_alexnet - INFO - Evaluation completed - Test Accuracy: 99.53%
2025-03-26 05:39:03,190 - model_training_alexnet - INFO - Starting epoch 42/50
2025-03-26 05:41:43,413 - model_training_alexnet - INFO - Epoch 42/50 completed - Average Loss: 0.0029
2025-03-26 05:41:43,413 - model_training_alexnet - INFO - Starting evaluation phase
2025-03-26 05:42:07,003 - model_training_alexnet - INFO - Evaluation completed - Test Accuracy: 99.55%
2025-03-26 05:42:07,003 - model_training_alexnet - INFO - Starting epoch 43/50
2025-03-26 05:44:38,241 - model_training_alexnet - INFO - Epoch 43/50 completed - Average Loss: 0.0028
2025-03-26 05:44:38,241 - model_training_alexnet - INFO - Starting evaluation phase
2025-03-26 05:45:04,260 - model_training_alexnet - INFO - Evaluation completed - Test Accuracy: 99.53%
2025-03-26 05:45:04,260 - model_training_alexnet - INFO - Starting epoch 44/50
2025-03-26 05:47:42,000 - model_training_alexnet - INFO - Epoch 44/50 completed - Average Loss: 0.0030
2025-03-26 05:47:42,001 - model_training_alexnet - INFO - Starting evaluation phase
2025-03-26 05:48:04,371 - model_training_alexnet - INFO - Evaluation completed - Test Accuracy: 99.60%
2025-03-26 05:48:04,372 - model_training_alexnet - INFO - Starting epoch 45/50
2025-03-26 05:50:43,605 - model_training_alexnet - INFO - Epoch 45/50 completed - Average Loss: 0.0026
2025-03-26 05:50:43,606 - model_training_alexnet - INFO - Starting evaluation phase
2025-03-26 05:51:07,282 - model_training_alexnet - INFO - Evaluation completed - Test Accuracy: 99.52%
2025-03-26 05:51:07,282 - model_training_alexnet - INFO - Starting epoch 46/50
2025-03-26 05:53:43,320 - model_training_alexnet - INFO - Epoch 46/50 completed - Average Loss: 0.0024
2025-03-26 05:53:43,320 - model_training_alexnet - INFO - Starting evaluation phase
2025-03-26 05:54:06,638 - model_training_alexnet - INFO - Evaluation completed - Test Accuracy: 99.56%
2025-03-26 05:54:06,638 - model_training_alexnet - INFO - Starting epoch 47/50
2025-03-26 05:56:36,615 - model_training_alexnet - INFO - Epoch 47/50 completed - Average Loss: 0.0028
2025-03-26 05:56:36,615 - model_training_alexnet - INFO - Starting evaluation phase
2025-03-26 05:57:00,354 - model_training_alexnet - INFO - Evaluation completed - Test Accuracy: 99.56%
2025-03-26 05:57:00,354 - model_training_alexnet - INFO - Starting epoch 48/50
2025-03-26 05:59:41,344 - model_training_alexnet - INFO - Epoch 48/50 completed - Average Loss: 0.0026
2025-03-26 05:59:41,344 - model_training_alexnet - INFO - Starting evaluation phase
2025-03-26 06:00:04,147 - model_training_alexnet - INFO - Evaluation completed - Test Accuracy: 99.55%
2025-03-26 06:00:04,147 - model_training_alexnet - INFO - Starting epoch 49/50
2025-03-26 06:02:31,805 - model_training_alexnet - INFO - Epoch 49/50 completed - Average Loss: 0.0025
2025-03-26 06:02:31,806 - model_training_alexnet - INFO - Starting evaluation phase
2025-03-26 06:02:54,004 - model_training_alexnet - INFO - Evaluation completed - Test Accuracy: 99.45%
2025-03-26 06:02:54,004 - model_training_alexnet - INFO - Starting epoch 50/50
2025-03-26 06:05:24,794 - model_training_alexnet - INFO - Epoch 50/50 completed - Average Loss: 0.0029
2025-03-26 06:05:24,794 - model_training_alexnet - INFO - Starting evaluation phase
2025-03-26 06:05:47,395 - model_training_alexnet - INFO - Evaluation completed - Test Accuracy: 99.52%
2025-03-26 06:05:47,819 - model_training_alexnet - INFO - Model saved to ./saved_models/alexnet_mnist.pth
2025-03-26 06:05:47,820 - model_training_alexnet - INFO - Training log saved to ./logs/alexnet_training_log_20250326_060547.json
2025-03-26 06:05:48,043 - model_training_alexnet - INFO - Training curves plotted and saved to ./plots/alexnet_training_curves.png
2025-03-26 06:05:48,043 - model_training_alexnet - INFO - Training completed successfully!
